Flow report for cps2_digiav
Mon Jan  8 19:05:24 2018
Quartus Prime Version 16.1.0 Build 196 10/24/2016 SJ Lite Edition


---------------------
; Table of Contents ;
---------------------
  1. Legal Notice
  2. Flow Summary
  3. Flow Settings
  4. Flow Non-Default Global Settings
  5. Flow Elapsed Time
  6. Flow OS Summary
  7. Flow Log
  8. Flow Messages
  9. Flow Suppressed Messages



----------------
; Legal Notice ;
----------------
Copyright (C) 2016  Intel Corporation. All rights reserved.
Your use of Intel Corporation's design tools, logic functions 
and other software and tools, and its AMPP partner logic 
functions, and any output files from any of the foregoing 
(including device programming or simulation files), and any 
associated documentation or information are expressly subject 
to the terms and conditions of the Intel Program License 
Subscription Agreement, the Intel Quartus Prime License Agreement,
the Intel MegaCore Function License Agreement, or other 
applicable license agreement, including, without limitation, 
that your use is for the sole purpose of programming logic 
devices manufactured by Intel and sold by Intel or its 
authorized distributors.  Please refer to the applicable 
agreement for further details.



+----------------------------------------------------------------------------------+
; Flow Summary                                                                     ;
+------------------------------------+---------------------------------------------+
; Flow Status                        ; Successful - Mon Jan  8 19:05:19 2018       ;
; Quartus Prime Version              ; 16.1.0 Build 196 10/24/2016 SJ Lite Edition ;
; Revision Name                      ; cps2_digiav                                 ;
; Top-level Entity Name              ; cps2_digiav                                 ;
; Family                             ; Cyclone IV E                                ;
; Device                             ; EP4CE15E22C8                                ;
; Timing Models                      ; Final                                       ;
; Total logic elements               ; 4,075 / 15,408 ( 26 % )                     ;
;     Total combinational functions  ; 3,530 / 15,408 ( 23 % )                     ;
;     Dedicated logic registers      ; 2,275 / 15,408 ( 15 % )                     ;
; Total registers                    ; 2275                                        ;
; Total pins                         ; 60 / 82 ( 73 % )                            ;
; Total virtual pins                 ; 0                                           ;
; Total memory bits                  ; 157,696 / 516,096 ( 31 % )                  ;
; Embedded Multiplier 9-bit elements ; 0 / 112 ( 0 % )                             ;
; Total PLLs                         ; 2 / 4 ( 50 % )                              ;
+------------------------------------+---------------------------------------------+


+-----------------------------------------+
; Flow Settings                           ;
+-------------------+---------------------+
; Option            ; Setting             ;
+-------------------+---------------------+
; Start date & time ; 01/08/2018 19:03:59 ;
; Main task         ; Compilation         ;
; Revision Name     ; cps2_digiav         ;
+-------------------+---------------------+


+-------------------------------------------------------------------------------------------------------------------------+
; Flow Non-Default Global Settings                                                                                        ;
+-------------------------------------+----------------------------------------+---------------+-------------+------------+
; Assignment Name                     ; Value                                  ; Default Value ; Entity Name ; Section Id ;
+-------------------------------------+----------------------------------------+---------------+-------------+------------+
; COMPILER_SIGNATURE_ID               ; 207120303762029.151546703902850        ; --            ; --          ; --         ;
; ENABLE_SIGNALTAP                    ; Off                                    ; --            ; --          ; --         ;
; MAX_CORE_JUNCTION_TEMP              ; 85                                     ; --            ; --          ; --         ;
; MIN_CORE_JUNCTION_TEMP              ; 0                                      ; --            ; --          ; --         ;
; MISC_FILE                           ; rtl/linebuf_bb.v                       ; --            ; --          ; --         ;
; MISC_FILE                           ; rtl/pll_i2s_inst.v                     ; --            ; --          ; --         ;
; MISC_FILE                           ; rtl/pll_i2s_bb.v                       ; --            ; --          ; --         ;
; MISC_FILE                           ; rtl/pll_i2s.ppf                        ; --            ; --          ; --         ;
; MISC_FILE                           ; rtl/pll_pclk_inst.v                    ; --            ; --          ; --         ;
; MISC_FILE                           ; rtl/pll_pclk_bb.v                      ; --            ; --          ; --         ;
; MISC_FILE                           ; rtl/pll_pclk.ppf                       ; --            ; --          ; --         ;
; MISC_FILE                           ; rtl/pll_pclk_hdtv_inst.v               ; --            ; --          ; --         ;
; MISC_FILE                           ; rtl/pll_pclk_hdtv_bb.v                 ; --            ; --          ; --         ;
; MISC_FILE                           ; rtl/pll_pclk_hdtv.ppf                  ; --            ; --          ; --         ;
; OUTPUT_IO_TIMING_FAR_END_VMEAS      ; Half Signal Swing                      ; --            ; --          ; --         ;
; OUTPUT_IO_TIMING_FAR_END_VMEAS      ; Half Signal Swing                      ; --            ; --          ; --         ;
; OUTPUT_IO_TIMING_NEAR_END_VMEAS     ; Half Vccio                             ; --            ; --          ; --         ;
; OUTPUT_IO_TIMING_NEAR_END_VMEAS     ; Half Vccio                             ; --            ; --          ; --         ;
; PARTITION_COLOR                     ; -- (Not supported for targeted family) ; --            ; --          ; Top        ;
; PARTITION_FITTER_PRESERVATION_LEVEL ; -- (Not supported for targeted family) ; --            ; --          ; Top        ;
; PARTITION_NETLIST_TYPE              ; -- (Not supported for targeted family) ; --            ; --          ; Top        ;
; POWER_BOARD_THERMAL_MODEL           ; None (CONSERVATIVE)                    ; --            ; --          ; --         ;
; POWER_PRESET_COOLING_SOLUTION       ; No Heat Sink With Still Air            ; --            ; --          ; --         ;
; PROJECT_OUTPUT_DIRECTORY            ; output_files                           ; --            ; --          ; --         ;
; SEARCH_PATH                         ; rtl                                    ; --            ; --          ; --         ;
; SEARCH_PATH                         ; software/sys_controller/mem_init/      ; --            ; --          ; --         ;
; SMART_RECOMPILE                     ; On                                     ; Off           ; --          ; --         ;
; USE_SIGNALTAP_FILE                  ; output_files/stp1.stp                  ; --            ; --          ; --         ;
; VERILOG_INPUT_VERSION               ; SystemVerilog_2005                     ; Verilog_2001  ; --          ; --         ;
; VERILOG_SHOW_LMF_MAPPING_MESSAGES   ; Off                                    ; --            ; --          ; --         ;
+-------------------------------------+----------------------------------------+---------------+-------------+------------+


+-------------------------------------------------------------------------------------------------------------------------------+
; Flow Elapsed Time                                                                                                             ;
+---------------------------+--------------+-------------------------+---------------------+------------------------------------+
; Module Name               ; Elapsed Time ; Average Processors Used ; Peak Virtual Memory ; Total CPU Time (on all processors) ;
+---------------------------+--------------+-------------------------+---------------------+------------------------------------+
; Analysis & Synthesis      ; 00:00:56     ; 1.0                     ; 1124 MB             ; 00:01:45                           ;
; Fitter                    ; 00:00:18     ; 1.1                     ; 1276 MB             ; 00:00:22                           ;
; Assembler                 ; 00:00:02     ; 1.0                     ; 829 MB              ; 00:00:02                           ;
; TimeQuest Timing Analyzer ; 00:00:04     ; 1.4                     ; 901 MB              ; 00:00:05                           ;
; Total                     ; 00:01:20     ; --                      ; --                  ; 00:02:14                           ;
+---------------------------+--------------+-------------------------+---------------------+------------------------------------+


+---------------------------------------------------------------------------------------------+
; Flow OS Summary                                                                             ;
+---------------------------+------------------+----------------+------------+----------------+
; Module Name               ; Machine Hostname ; OS Name        ; OS Version ; Processor type ;
+---------------------------+------------------+----------------+------------+----------------+
; Analysis & Synthesis      ; Zero             ; Ubuntu 16.04.3 ; 16         ; x86_64         ;
; Fitter                    ; Zero             ; Ubuntu 16.04.3 ; 16         ; x86_64         ;
; Assembler                 ; Zero             ; Ubuntu 16.04.3 ; 16         ; x86_64         ;
; TimeQuest Timing Analyzer ; Zero             ; Ubuntu 16.04.3 ; 16         ; x86_64         ;
+---------------------------+------------------+----------------+------------+----------------+


------------
; Flow Log ;
------------
quartus_map --read_settings_files=on --write_settings_files=off cps2_digiav -c cps2_digiav
quartus_fit --read_settings_files=off --write_settings_files=off cps2_digiav -c cps2_digiav
quartus_asm --read_settings_files=off --write_settings_files=off cps2_digiav -c cps2_digiav
quartus_sta cps2_digiav -c cps2_digiav



